
Showing logs for build [32mcb-kubecd-environment-pr-164-33-8plvp-1[0m stage [32mfrom-build-pack[0m and container [32mstep-credential-initializer-55bpv[0m
{"level":"warn","ts":1582224024.2936025,"logger":"fallback-logger","caller":"logging/config.go:69","msg":"Fetch GitHub commit ID from kodata failed: \"ref: refs/heads/0.8.0-**-support-backwards-incompats\" is not a valid GitHub commit ID"}
{"level":"info","ts":1582224024.2943165,"logger":"fallback-logger","caller":"creds-init/main.go:40","msg":"Credentials initialized."}

Showing logs for build [32mcb-kubecd-environment-pr-164-33-8plvp-1[0m stage [32mfrom-build-pack[0m and container [32mstep-working-dir-initializer-hgtcd[0m
{"level":"warn","ts":1582224025.2333727,"logger":"fallback-logger","caller":"logging/config.go:69","msg":"Fetch GitHub commit ID from kodata failed: open /var/run/ko/HEAD: no such file or directory"}
{"level":"info","ts":1582224025.2354631,"logger":"fallback-logger","caller":"bash/main.go:64","msg":"Successfully executed command \"sh -c mkdir -p /workspace/source\"; output "}

Showing logs for build [32mcb-kubecd-environment-pr-164-33-8plvp-1[0m stage [32mfrom-build-pack[0m and container [32mstep-place-tools[0m

Showing logs for build [32mcb-kubecd-environment-pr-164-33-8plvp-1[0m stage [32mfrom-build-pack[0m and container [32mstep-git-source-cb-kubecd-environment-pr-164-33-8plvp-ftbcl[0m
{"level":"warn","ts":1582224054.3432868,"logger":"fallback-logger","caller":"logging/config.go:69","msg":"Fetch GitHub commit ID from kodata failed: \"ref: refs/heads/0.8.0-**-support-backwards-incompats\" is not a valid GitHub commit ID"}
{"level":"info","ts":1582224055.4883785,"logger":"fallback-logger","caller":"git/git.go:103","msg":"Successfully cloned https://github.com/cb-kubecd/environment-pr-164-33-boot-gke-production.git @ master in path /workspace/source"}

Showing logs for build [32mcb-kubecd-environment-pr-164-33-8plvp-1[0m stage [32mfrom-build-pack[0m and container [32mstep-git-merge[0m
Using SHAs from PULL_REFS=master:ba7dcf659e69ae7b204465b329004f7e585d24c3,1:6d4e8101e32e1c2a0c40cd76b438dd67bb2d1be3
DEBUG: LC_ALL=C JX_LOG_LEVEL=error git fetch origin --unshallow 6d4e8101e32e1c2a0c40cd76b438dd67bb2d1be3: ba7dcf659e69ae7b204465b329004f7e585d24c3:
DEBUG: ran git fetch --unshallow origin 6d4e8101e32e1c2a0c40cd76b438dd67bb2d1be3: ba7dcf659e69ae7b204465b329004f7e585d24c3: in 
DEBUG: LC_ALL=C JX_LOG_LEVEL=error git branch
DEBUG: LC_ALL=C JX_LOG_LEVEL=error git checkout master
DEBUG: ran git checkout master in 
DEBUG: JX_LOG_LEVEL=error LC_ALL=C git reset --hard ba7dcf659e69ae7b204465b329004f7e585d24c3
DEBUG: ran git reset --hard ba7dcf659e69ae7b204465b329004f7e585d24c3 in 
DEBUG: LC_ALL=C JX_LOG_LEVEL=error git clean -fd .
DEBUG: ran clean --force -d . in 
DEBUG: LC_ALL=C JX_LOG_LEVEL=error git merge 6d4e8101e32e1c2a0c40cd76b438dd67bb2d1be3
DEBUG: ran git merge 6d4e8101e32e1c2a0c40cd76b438dd67bb2d1be3 in 
DEBUG: LC_ALL=C JX_LOG_LEVEL=error git log --format=%H%x1f%an%x1f%ae%x1f%cn%x1f%ce%x1f%s%n%b%x1e ba7dcf659e69ae7b204465b329004f7e585d24c3..HEAD
Merged SHA 6d4e8101e32e1c2a0c40cd76b438dd67bb2d1be3 with commit message 'chore: Promote bdd-spring-1582223123 to version 0.0.1' into base branch master

Showing logs for build [32mcb-kubecd-environment-pr-164-33-8plvp-1[0m stage [32mfrom-build-pack[0m and container [32mstep-build-helm-build[0m
WARNING: No $CHART_REPOSITORY defined so using the default value of: http://jenkins-x-chartmuseum:8080
Adding missing Helm repo: storage.googleapis.com https://storage.googleapis.com/chartmuseum.jenkins-x.io
WARNING: No secrets found on "helm/repos" due: reading the secret "helm/repos" from vault: no secret "helm/repos" not found in vault
Read credentials for https://storage.googleapis.com/chartmuseum.jenkins-x.io from vault helm/repos
Successfully added Helm repository storage.googleapis.com.
Adding missing Helm repo: jenkins-x-chartmuseum http://jenkins-x-chartmuseum:8080
WARNING: No secrets found on "helm/repos" due: reading the secret "helm/repos" from vault: no secret "helm/repos" not found in vault
Read credentials for http://jenkins-x-chartmuseum:8080 from vault helm/repos
Successfully added Helm repository jenkins-x-chartmuseum.
WARNING: No $CHART_REPOSITORY defined so using the default value of: http://jenkins-x-chartmuseum:8080
Adding missing Helm repo: chartmuseum.jenkins-x.io http://chartmuseum.jenkins-x.io
WARNING: No secrets found on "helm/repos" due: reading the secret "helm/repos" from vault: no secret "helm/repos" not found in vault
Read credentials for http://chartmuseum.jenkins-x.io from vault helm/repos
Successfully added Helm repository chartmuseum.jenkins-x.io.
